<?xml version="1.0" encoding="UTF-8"?>
<coverage generated="1657219040421" clover="3.2.0">
  <project timestamp="1657219040421" name="All files">
    <metrics statements="307" coveredstatements="306" conditionals="78" coveredconditionals="76" methods="54" coveredmethods="53" elements="439" coveredelements="435" complexity="0" loc="307" ncloc="307" packages="5" files="14" classes="14"/>
    <package name="express-jobly">
      <metrics statements="50" coveredstatements="49" conditionals="18" coveredconditionals="16" methods="8" coveredmethods="7"/>
      <file name="app.js" path="/Users/owner/Rithm/Week-7/express-jobly/app.js">
        <metrics statements="24" coveredstatements="24" conditionals="4" coveredconditionals="4" methods="2" coveredmethods="2"/>
        <line num="5" count="4" type="stmt"/>
        <line num="6" count="4" type="stmt"/>
        <line num="8" count="4" type="stmt"/>
        <line num="10" count="4" type="stmt"/>
        <line num="11" count="4" type="stmt"/>
        <line num="12" count="4" type="stmt"/>
        <line num="13" count="4" type="stmt"/>
        <line num="15" count="4" type="stmt"/>
        <line num="17" count="4" type="stmt"/>
        <line num="19" count="4" type="stmt"/>
        <line num="20" count="4" type="stmt"/>
        <line num="21" count="4" type="stmt"/>
        <line num="22" count="4" type="stmt"/>
        <line num="24" count="4" type="stmt"/>
        <line num="25" count="4" type="stmt"/>
        <line num="26" count="4" type="stmt"/>
        <line num="30" count="4" type="stmt"/>
        <line num="31" count="2" type="stmt"/>
        <line num="35" count="4" type="stmt"/>
        <line num="36" count="34" type="cond" truecount="2" falsecount="0"/>
        <line num="37" count="34" type="cond" truecount="2" falsecount="0"/>
        <line num="38" count="34" type="stmt"/>
        <line num="40" count="34" type="stmt"/>
        <line num="45" count="4" type="stmt"/>
      </file>
      <file name="config.js" path="/Users/owner/Rithm/Week-7/express-jobly/config.js">
        <metrics statements="13" coveredstatements="13" conditionals="10" coveredconditionals="10" methods="1" coveredmethods="1"/>
        <line num="5" count="9" type="stmt"/>
        <line num="6" count="9" type="stmt"/>
        <line num="8" count="9" type="cond" truecount="2" falsecount="0"/>
        <line num="10" count="9" type="cond" truecount="2" falsecount="0"/>
        <line num="14" count="18" type="cond" truecount="2" falsecount="0"/>
        <line num="22" count="9" type="cond" truecount="2" falsecount="0"/>
        <line num="24" count="9" type="stmt"/>
        <line num="25" count="9" type="stmt"/>
        <line num="26" count="9" type="stmt"/>
        <line num="27" count="9" type="stmt"/>
        <line num="28" count="9" type="stmt"/>
        <line num="29" count="9" type="stmt"/>
        <line num="31" count="9" type="stmt"/>
      </file>
      <file name="db.js" path="/Users/owner/Rithm/Week-7/express-jobly/db.js">
        <metrics statements="5" coveredstatements="5" conditionals="0" coveredconditionals="0" methods="0" coveredmethods="0"/>
        <line num="5" count="6" type="stmt"/>
        <line num="6" count="6" type="stmt"/>
        <line num="8" count="6" type="stmt"/>
        <line num="12" count="6" type="stmt"/>
        <line num="14" count="6" type="stmt"/>
      </file>
      <file name="expressError.js" path="/Users/owner/Rithm/Week-7/express-jobly/expressError.js">
        <metrics statements="8" coveredstatements="7" conditionals="4" coveredconditionals="2" methods="5" coveredmethods="4"/>
        <line num="9" count="47" type="stmt"/>
        <line num="10" count="47" type="stmt"/>
        <line num="11" count="47" type="stmt"/>
        <line num="19" count="14" type="stmt"/>
        <line num="27" count="15" type="stmt"/>
        <line num="35" count="18" type="stmt"/>
        <line num="43" count="0" type="stmt"/>
        <line num="47" count="8" type="stmt"/>
      </file>
    </package>
    <package name="express-jobly.helpers">
      <metrics statements="14" coveredstatements="14" conditionals="6" coveredconditionals="6" methods="3" coveredmethods="3"/>
      <file name="sql.js" path="/Users/owner/Rithm/Week-7/express-jobly/helpers/sql.js">
        <metrics statements="8" coveredstatements="8" conditionals="4" coveredconditionals="4" methods="2" coveredmethods="2"/>
        <line num="3" count="7" type="stmt"/>
        <line num="19" count="15" type="stmt"/>
        <line num="21" count="15" type="stmt"/>
        <line num="22" count="15" type="cond" truecount="2" falsecount="0"/>
        <line num="28" count="12" type="stmt"/>
        <line num="29" count="25" type="cond" truecount="2" falsecount="0"/>
        <line num="32" count="12" type="stmt"/>
        <line num="39" count="7" type="stmt"/>
      </file>
      <file name="tokens.js" path="/Users/owner/Rithm/Week-7/express-jobly/helpers/tokens.js">
        <metrics statements="6" coveredstatements="6" conditionals="2" coveredconditionals="2" methods="1" coveredmethods="1"/>
        <line num="3" count="5" type="stmt"/>
        <line num="4" count="5" type="stmt"/>
        <line num="9" count="13" type="stmt"/>
        <line num="12" count="13" type="stmt"/>
        <line num="17" count="13" type="stmt"/>
        <line num="20" count="5" type="stmt"/>
      </file>
    </package>
    <package name="express-jobly.middleware">
      <metrics statements="20" coveredstatements="20" conditionals="8" coveredconditionals="8" methods="3" coveredmethods="3"/>
      <file name="auth.js" path="/Users/owner/Rithm/Week-7/express-jobly/middleware/auth.js">
        <metrics statements="20" coveredstatements="20" conditionals="8" coveredconditionals="8" methods="3" coveredmethods="3"/>
        <line num="5" count="5" type="stmt"/>
        <line num="6" count="5" type="stmt"/>
        <line num="7" count="5" type="stmt"/>
        <line num="19" count="53" type="stmt"/>
        <line num="20" count="53" type="cond" truecount="2" falsecount="0"/>
        <line num="21" count="53" type="cond" truecount="2" falsecount="0"/>
        <line num="22" count="29" type="stmt"/>
        <line num="23" count="29" type="stmt"/>
        <line num="25" count="52" type="stmt"/>
        <line num="26" count="28" type="stmt"/>
        <line num="28" count="25" type="stmt"/>
        <line num="38" count="35" type="stmt"/>
        <line num="39" count="35" type="cond" truecount="2" falsecount="0"/>
        <line num="40" count="27" type="stmt"/>
        <line num="42" count="8" type="stmt"/>
        <line num="52" count="12" type="stmt"/>
        <line num="53" count="12" type="cond" truecount="2" falsecount="0"/>
        <line num="54" count="9" type="stmt"/>
        <line num="56" count="3" type="stmt"/>
        <line num="61" count="5" type="stmt"/>
      </file>
    </package>
    <package name="express-jobly.models">
      <metrics statements="103" coveredstatements="103" conditionals="30" coveredconditionals="30" methods="17" coveredmethods="17"/>
      <file name="_testCommon.js" path="/Users/owner/Rithm/Week-7/express-jobly/models/_testCommon.js">
        <metrics statements="11" coveredstatements="11" conditionals="0" coveredconditionals="0" methods="4" coveredmethods="4"/>
        <line num="1" count="2" type="stmt"/>
        <line num="3" count="2" type="stmt"/>
        <line num="4" count="2" type="stmt"/>
        <line num="8" count="2" type="stmt"/>
        <line num="10" count="2" type="stmt"/>
        <line num="12" count="2" type="stmt"/>
        <line num="18" count="2" type="stmt"/>
        <line num="34" count="34" type="stmt"/>
        <line num="38" count="34" type="stmt"/>
        <line num="42" count="2" type="stmt"/>
        <line num="46" count="2" type="stmt"/>
      </file>
      <file name="company.js" path="/Users/owner/Rithm/Week-7/express-jobly/models/company.js">
        <metrics statements="52" coveredstatements="52" conditionals="16" coveredconditionals="16" methods="7" coveredmethods="7"/>
        <line num="3" count="5" type="stmt"/>
        <line num="4" count="5" type="stmt"/>
        <line num="5" count="5" type="stmt"/>
        <line num="20" count="13" type="stmt"/>
        <line num="26" count="13" type="cond" truecount="2" falsecount="0"/>
        <line num="27" count="1" type="stmt"/>
        <line num="29" count="12" type="stmt"/>
        <line num="47" count="12" type="stmt"/>
        <line num="49" count="12" type="stmt"/>
        <line num="58" count="3" type="stmt"/>
        <line num="60" count="3" type="stmt"/>
        <line num="68" count="2" type="stmt"/>
        <line num="77" count="4" type="stmt"/>
        <line num="79" count="4" type="stmt"/>
        <line num="81" count="4" type="stmt"/>
        <line num="90" count="4" type="stmt"/>
        <line num="91" count="4" type="stmt"/>
        <line num="109" count="9" type="stmt"/>
        <line num="111" count="9" type="stmt"/>
        <line num="113" count="9" type="cond" truecount="2" falsecount="0"/>
        <line num="114" count="1" type="stmt"/>
        <line num="117" count="8" type="stmt"/>
        <line num="118" count="8" type="stmt"/>
        <line num="119" count="8" type="stmt"/>
        <line num="121" count="8" type="cond" truecount="2" falsecount="0"/>
        <line num="122" count="4" type="stmt"/>
        <line num="123" count="4" type="stmt"/>
        <line num="124" count="4" type="stmt"/>
        <line num="126" count="8" type="cond" truecount="2" falsecount="0"/>
        <line num="127" count="5" type="stmt"/>
        <line num="128" count="5" type="stmt"/>
        <line num="129" count="5" type="stmt"/>
        <line num="131" count="8" type="cond" truecount="2" falsecount="0"/>
        <line num="132" count="3" type="stmt"/>
        <line num="133" count="3" type="stmt"/>
        <line num="134" count="3" type="stmt"/>
        <line num="137" count="8" type="stmt"/>
        <line num="152" count="5" type="stmt"/>
        <line num="162" count="5" type="stmt"/>
        <line num="164" count="5" type="cond" truecount="2" falsecount="0"/>
        <line num="166" count="3" type="stmt"/>
        <line num="182" count="6" type="stmt"/>
        <line num="188" count="5" type="stmt"/>
        <line num="190" count="5" type="stmt"/>
        <line num="195" count="5" type="stmt"/>
        <line num="196" count="5" type="stmt"/>
        <line num="198" count="5" type="cond" truecount="2" falsecount="0"/>
        <line num="200" count="3" type="stmt"/>
        <line num="209" count="4" type="stmt"/>
        <line num="215" count="4" type="stmt"/>
        <line num="217" count="4" type="cond" truecount="2" falsecount="0"/>
        <line num="222" count="5" type="stmt"/>
      </file>
      <file name="user.js" path="/Users/owner/Rithm/Week-7/express-jobly/models/user.js">
        <metrics statements="40" coveredstatements="40" conditionals="14" coveredconditionals="14" methods="6" coveredmethods="6"/>
        <line num="3" count="5" type="stmt"/>
        <line num="4" count="5" type="stmt"/>
        <line num="5" count="5" type="stmt"/>
        <line num="10" count="5" type="stmt"/>
        <line num="12" count="5" type="stmt"/>
        <line num="26" count="7" type="stmt"/>
        <line num="38" count="7" type="stmt"/>
        <line num="40" count="7" type="cond" truecount="2" falsecount="0"/>
        <line num="42" count="4" type="stmt"/>
        <line num="43" count="4" type="cond" truecount="2" falsecount="0"/>
        <line num="44" count="3" type="stmt"/>
        <line num="45" count="3" type="stmt"/>
        <line num="49" count="4" type="stmt"/>
        <line num="61" count="19" type="stmt"/>
        <line num="68" count="19" type="cond" truecount="2" falsecount="0"/>
        <line num="69" count="1" type="stmt"/>
        <line num="72" count="18" type="stmt"/>
        <line num="74" count="18" type="stmt"/>
        <line num="94" count="18" type="stmt"/>
        <line num="96" count="18" type="stmt"/>
        <line num="105" count="3" type="stmt"/>
        <line num="115" count="2" type="stmt"/>
        <line num="127" count="4" type="stmt"/>
        <line num="138" count="4" type="stmt"/>
        <line num="140" count="4" type="cond" truecount="2" falsecount="0"/>
        <line num="142" count="2" type="stmt"/>
        <line num="163" count="7" type="cond" truecount="2" falsecount="0"/>
        <line num="164" count="2" type="stmt"/>
        <line num="167" count="7" type="stmt"/>
        <line num="174" count="6" type="stmt"/>
        <line num="176" count="6" type="stmt"/>
        <line num="184" count="6" type="stmt"/>
        <line num="185" count="6" type="stmt"/>
        <line num="187" count="6" type="cond" truecount="2" falsecount="0"/>
        <line num="189" count="4" type="stmt"/>
        <line num="190" count="4" type="stmt"/>
        <line num="196" count="4" type="stmt"/>
        <line num="203" count="4" type="stmt"/>
        <line num="205" count="4" type="cond" truecount="2" falsecount="0"/>
        <line num="210" count="5" type="stmt"/>
      </file>
    </package>
    <package name="express-jobly.routes">
      <metrics statements="120" coveredstatements="120" conditionals="16" coveredconditionals="16" methods="23" coveredmethods="23"/>
      <file name="_testCommon.js" path="/Users/owner/Rithm/Week-7/express-jobly/routes/_testCommon.js">
        <metrics statements="19" coveredstatements="19" conditionals="0" coveredconditionals="0" methods="4" coveredmethods="4"/>
        <line num="3" count="3" type="stmt"/>
        <line num="4" count="3" type="stmt"/>
        <line num="5" count="3" type="stmt"/>
        <line num="6" count="3" type="stmt"/>
        <line num="10" count="3" type="stmt"/>
        <line num="12" count="3" type="stmt"/>
        <line num="14" count="3" type="stmt"/>
        <line num="22" count="3" type="stmt"/>
        <line num="30" count="3" type="stmt"/>
        <line num="39" count="3" type="stmt"/>
        <line num="47" count="3" type="stmt"/>
        <line num="55" count="3" type="stmt"/>
        <line num="63" count="3" type="stmt"/>
        <line num="74" count="48" type="stmt"/>
        <line num="78" count="48" type="stmt"/>
        <line num="82" count="3" type="stmt"/>
        <line num="86" count="3" type="stmt"/>
        <line num="87" count="3" type="stmt"/>
        <line num="90" count="3" type="stmt"/>
      </file>
      <file name="auth.js" path="/Users/owner/Rithm/Week-7/express-jobly/routes/auth.js">
        <metrics statements="26" coveredstatements="26" conditionals="4" coveredconditionals="4" methods="4" coveredmethods="4"/>
        <line num="5" count="4" type="stmt"/>
        <line num="7" count="4" type="stmt"/>
        <line num="8" count="4" type="stmt"/>
        <line num="9" count="4" type="stmt"/>
        <line num="10" count="4" type="stmt"/>
        <line num="11" count="4" type="stmt"/>
        <line num="12" count="4" type="stmt"/>
        <line num="13" count="4" type="stmt"/>
        <line num="22" count="4" type="stmt"/>
        <line num="23" count="5" type="stmt"/>
        <line num="28" count="5" type="cond" truecount="2" falsecount="0"/>
        <line num="29" count="2" type="stmt"/>
        <line num="30" count="2" type="stmt"/>
        <line num="33" count="3" type="stmt"/>
        <line num="34" count="3" type="stmt"/>
        <line num="35" count="1" type="stmt"/>
        <line num="36" count="1" type="stmt"/>
        <line num="49" count="4" type="stmt"/>
        <line num="50" count="3" type="stmt"/>
        <line num="55" count="3" type="cond" truecount="2" falsecount="0"/>
        <line num="56" count="5" type="stmt"/>
        <line num="57" count="2" type="stmt"/>
        <line num="60" count="1" type="stmt"/>
        <line num="61" count="1" type="stmt"/>
        <line num="62" count="1" type="stmt"/>
        <line num="66" count="4" type="stmt"/>
      </file>
      <file name="companies.js" path="/Users/owner/Rithm/Week-7/express-jobly/routes/companies.js">
        <metrics statements="41" coveredstatements="41" conditionals="8" coveredconditionals="8" methods="8" coveredmethods="8"/>
        <line num="5" count="4" type="stmt"/>
        <line num="6" count="4" type="stmt"/>
        <line num="8" count="4" type="stmt"/>
        <line num="9" count="4" type="stmt"/>
        <line num="10" count="4" type="stmt"/>
        <line num="12" count="4" type="stmt"/>
        <line num="13" count="4" type="stmt"/>
        <line num="14" count="4" type="stmt"/>
        <line num="16" count="4" type="stmt"/>
        <line num="28" count="4" type="stmt"/>
        <line num="29" count="3" type="stmt"/>
        <line num="34" count="3" type="cond" truecount="2" falsecount="0"/>
        <line num="35" count="3" type="stmt"/>
        <line num="36" count="2" type="stmt"/>
        <line num="39" count="1" type="stmt"/>
        <line num="40" count="1" type="stmt"/>
        <line num="54" count="4" type="stmt"/>
        <line num="57" count="4" type="cond" truecount="2" falsecount="0"/>
        <line num="59" count="2" type="stmt"/>
        <line num="60" count="1" type="stmt"/>
        <line num="64" count="2" type="stmt"/>
        <line num="70" count="2" type="cond" truecount="2" falsecount="0"/>
        <line num="71" count="1" type="stmt"/>
        <line num="72" count="1" type="stmt"/>
        <line num="75" count="1" type="stmt"/>
        <line num="76" count="1" type="stmt"/>
        <line num="78" count="1" type="stmt"/>
        <line num="89" count="4" type="stmt"/>
        <line num="90" count="3" type="stmt"/>
        <line num="91" count="2" type="stmt"/>
        <line num="105" count="4" type="stmt"/>
        <line num="106" count="4" type="stmt"/>
        <line num="111" count="4" type="cond" truecount="2" falsecount="0"/>
        <line num="112" count="2" type="stmt"/>
        <line num="113" count="2" type="stmt"/>
        <line num="116" count="2" type="stmt"/>
        <line num="117" count="1" type="stmt"/>
        <line num="125" count="4" type="stmt"/>
        <line num="126" count="2" type="stmt"/>
        <line num="127" count="1" type="stmt"/>
        <line num="131" count="4" type="stmt"/>
      </file>
      <file name="users.js" path="/Users/owner/Rithm/Week-7/express-jobly/routes/users.js">
        <metrics statements="34" coveredstatements="34" conditionals="4" coveredconditionals="4" methods="7" coveredmethods="7"/>
        <line num="5" count="4" type="stmt"/>
        <line num="7" count="4" type="stmt"/>
        <line num="8" count="4" type="stmt"/>
        <line num="9" count="4" type="stmt"/>
        <line num="10" count="4" type="stmt"/>
        <line num="11" count="4" type="stmt"/>
        <line num="12" count="4" type="stmt"/>
        <line num="13" count="4" type="stmt"/>
        <line num="15" count="4" type="stmt"/>
        <line num="30" count="4" type="stmt"/>
        <line num="31" count="4" type="stmt"/>
        <line num="36" count="4" type="cond" truecount="2" falsecount="0"/>
        <line num="37" count="5" type="stmt"/>
        <line num="38" count="2" type="stmt"/>
        <line num="41" count="2" type="stmt"/>
        <line num="42" count="2" type="stmt"/>
        <line num="43" count="2" type="stmt"/>
        <line num="54" count="4" type="stmt"/>
        <line num="55" count="2" type="stmt"/>
        <line num="56" count="1" type="stmt"/>
        <line num="67" count="4" type="stmt"/>
        <line num="68" count="2" type="stmt"/>
        <line num="69" count="1" type="stmt"/>
        <line num="83" count="4" type="stmt"/>
        <line num="84" count="4" type="stmt"/>
        <line num="89" count="4" type="cond" truecount="2" falsecount="0"/>
        <line num="90" count="1" type="stmt"/>
        <line num="91" count="1" type="stmt"/>
        <line num="94" count="3" type="stmt"/>
        <line num="95" count="2" type="stmt"/>
        <line num="104" count="4" type="stmt"/>
        <line num="105" count="2" type="stmt"/>
        <line num="106" count="1" type="stmt"/>
        <line num="110" count="4" type="stmt"/>
      </file>
    </package>
  </project>
</coverage>
